<?xml version="1.0" encoding="UTF-8"?>
<!-- Generated by org.testng.reporters.JUnitXMLReporter -->
<testsuite ignored="0" hostname="DESKTOP-MT4B5IO" failures="2" tests="5" name="Surefire test" time="29.347" errors="0" timestamp="2023-09-14T12:47:50 CEST">
  <testcase classname="seleniumresttests.GetGTest" name="GetProduct" time="1.226"/>
  <testcase classname="seleniumresttests.GetGTest" name="GetProductData" time="0.617">
    <failure type="java.lang.AssertionError" message="The following asserts failed:
	expected [true] but found [false]">
      <![CDATA[java.lang.AssertionError: The following asserts failed:
expected [true] but found [false]
at seleniumresttests.GetGTest.GetProductData(GetGTest.java:57)
at java.base/java.util.ArrayList.forEach(ArrayList.java:1511)
... Removed 34 stack frames]]>
    </failure>
  </testcase> <!-- GetProductData -->
  <testcase classname="seleniumresttests.GetSearchSpecBuilderTest" name="GetProductData" time="0.147">
    <failure type="java.lang.AssertionError" message="The following asserts failed:
	expected [true] but found [false]">
      <![CDATA[java.lang.AssertionError: The following asserts failed:
expected [true] but found [false]
at seleniumresttests.GetSearchSpecBuilderTest.GetProductData(GetSearchSpecBuilderTest.java:43)
at java.base/java.util.ArrayList.forEach(ArrayList.java:1511)
... Removed 34 stack frames]]>
    </failure>
  </testcase> <!-- GetProductData -->
  <testcase classname="seleniumresttests.SubmitOrderTest" name="SubmitOrder" time="9.596"/>
  <testcase classname="seleniumresttests.SubmitOrderThreadsTest" name="SubmitOrder" time="10.683"/>
</testsuite> <!-- Surefire test -->
