<?xml version="1.0" encoding="UTF-8"?>
<!-- Generated by org.testng.reporters.JUnitXMLReporter -->
<testsuite ignored="0" hostname="DESKTOP-MT4B5IO" failures="1" tests="4" name="Test" time="32.443" errors="0" timestamp="2023-09-14T14:17:17 CEST">
  <testcase classname="seleniumresttests.SubmitOrderThreadsTest" name="SubmitOrder" time="13.741"/>
  <testcase classname="seleniumresttests.SubmitOrderTest" name="SubmitOrder" time="9.172"/>
  <testcase classname="seleniumresttests.GetGTest" name="GetProduct" time="1.103"/>
  <testcase classname="seleniumresttests.GetSearchSpecBuilderTest" name="GetProductData" time="0.726">
    <failure type="java.lang.AssertionError" message="The following asserts failed:
	expected [true] but found [false]">
      <![CDATA[java.lang.AssertionError: The following asserts failed:
expected [true] but found [false]
at seleniumresttests.GetSearchSpecBuilderTest.GetProductData(GetSearchSpecBuilderTest.java:46)
at java.base/java.util.ArrayList.forEach(ArrayList.java:1511)
... Removed 29 stack frames]]>
    </failure>
  </testcase> <!-- GetProductData -->
</testsuite> <!-- Test -->
