<?xml version="1.0" encoding="UTF-8"?>
<testng-results ignored="0" total="13" passed="12" failed="1" skipped="0">
  <reporter-output>
  </reporter-output>
  <suite started-at="2023-09-14T14:42:11 CEST" name="Suite All tests" finished-at="2023-09-14T14:45:07 CEST" duration-ms="176226">
    <groups>
      <group name="Submit Order">
        <method signature="SubmitOrderTest.SubmitOrder()[pri:0, instance:seleniumresttests.SubmitOrderTest@1b955cac]" name="SubmitOrder" class="seleniumresttests.SubmitOrderTest"/>
        <method signature="SubmitOrderThreadsTest.SubmitOrder()[pri:0, instance:seleniumresttests.SubmitOrderThreadsTest@24111ef1]" name="SubmitOrder" class="seleniumresttests.SubmitOrderThreadsTest"/>
      </group> <!-- Submit Order -->
      <group name="Api Testing">
        <method signature="GetGTest.GetProduct()[pri:0, instance:seleniumresttests.GetGTest@22d7b4f8]" name="GetProduct" class="seleniumresttests.GetGTest"/>
        <method signature="GetSearchSpecBuilderTest.GetProductData()[pri:0, instance:seleniumresttests.GetSearchSpecBuilderTest@149dd36b]" name="GetProductData" class="seleniumresttests.GetSearchSpecBuilderTest"/>
      </group> <!-- Api Testing -->
    </groups>
    <test started-at="2023-09-14T14:42:11 CEST" name="Api tests" finished-at="2023-09-14T14:42:13 CEST" duration-ms="2107">
      <class name="seleniumresttests.GetGTest">
        <test-method signature="GetProduct()[pri:0, instance:seleniumresttests.GetGTest@22d7b4f8]" started-at="2023-09-14T14:42:11 CEST" name="GetProduct" finished-at="2023-09-14T14:42:12 CEST" duration-ms="1290" status="PASS">
          <reporter-output>
          </reporter-output>
        </test-method> <!-- GetProduct -->
      </class> <!-- seleniumresttests.GetGTest -->
      <class name="seleniumresttests.GetSearchSpecBuilderTest">
        <test-method signature="GetProductData()[pri:0, instance:seleniumresttests.GetSearchSpecBuilderTest@149dd36b]" started-at="2023-09-14T14:42:12 CEST" name="GetProductData" finished-at="2023-09-14T14:42:13 CEST" duration-ms="778" status="FAIL">
          <exception class="java.lang.AssertionError">
            <message>
              <![CDATA[The following asserts failed:
expected [true] but found [false]]]>
            </message>
            <full-stacktrace>
              <![CDATA[java.lang.AssertionError: The following asserts failed:
expected [true] but found [false]
at org.testng.asserts.SoftAssert.assertAll(SoftAssert.java:46)
at org.testng.asserts.SoftAssert.assertAll(SoftAssert.java:30)
at seleniumresttests.GetSearchSpecBuilderTest.GetProductData(GetSearchSpecBuilderTest.java:46)
at java.base/jdk.internal.reflect.NativeMethodAccessorImpl.invoke0(Native Method)
at java.base/jdk.internal.reflect.NativeMethodAccessorImpl.invoke(NativeMethodAccessorImpl.java:77)
at java.base/jdk.internal.reflect.DelegatingMethodAccessorImpl.invoke(DelegatingMethodAccessorImpl.java:43)
at java.base/java.lang.reflect.Method.invoke(Method.java:568)
at org.testng.internal.invokers.MethodInvocationHelper.invokeMethod(MethodInvocationHelper.java:139)
at org.testng.internal.invokers.TestInvoker.invokeMethod(TestInvoker.java:664)
at org.testng.internal.invokers.TestInvoker.invokeTestMethod(TestInvoker.java:227)
at org.testng.internal.invokers.MethodRunner.runInSequence(MethodRunner.java:50)
at org.testng.internal.invokers.TestInvoker$MethodInvocationAgent.invoke(TestInvoker.java:957)
at org.testng.internal.invokers.TestInvoker.invokeTestMethods(TestInvoker.java:200)
at org.testng.internal.invokers.TestMethodWorker.invokeTestMethods(TestMethodWorker.java:148)
at org.testng.internal.invokers.TestMethodWorker.run(TestMethodWorker.java:128)
at java.base/java.util.ArrayList.forEach(ArrayList.java:1511)
at org.testng.TestRunner.privateRun(TestRunner.java:848)
at org.testng.TestRunner.run(TestRunner.java:621)
at org.testng.SuiteRunner.runTest(SuiteRunner.java:443)
at org.testng.SuiteRunner$SuiteWorker.run(SuiteRunner.java:481)
at org.testng.internal.thread.ThreadUtil.lambda$execute$0(ThreadUtil.java:58)
at java.base/java.util.concurrent.FutureTask.run(FutureTask.java:264)
at java.base/java.util.concurrent.ThreadPoolExecutor.runWorker(ThreadPoolExecutor.java:1136)
at java.base/java.util.concurrent.ThreadPoolExecutor$Worker.run(ThreadPoolExecutor.java:635)
at java.base/java.lang.Thread.run(Thread.java:833)
]]>
            </full-stacktrace>
          </exception> <!-- java.lang.AssertionError -->
          <reporter-output>
          </reporter-output>
        </test-method> <!-- GetProductData -->
      </class> <!-- seleniumresttests.GetSearchSpecBuilderTest -->
    </test> <!-- Api tests -->
    <test started-at="2023-09-14T14:42:11 CEST" name="Submit order test" finished-at="2023-09-14T14:45:07 CEST" duration-ms="176226">
      <class name="seleniumresttests.SubmitOrderTest">
        <test-method is-config="true" signature="launchApplication()[pri:0, instance:seleniumresttests.SubmitOrderTest@1b955cac]" started-at="2023-09-14T14:42:11 CEST" name="launchApplication" finished-at="2023-09-14T14:42:15 CEST" duration-ms="4455" status="PASS">
          <reporter-output>
          </reporter-output>
        </test-method> <!-- launchApplication -->
        <test-method signature="SubmitOrder()[pri:0, instance:seleniumresttests.SubmitOrderTest@1b955cac]" started-at="2023-09-14T14:42:15 CEST" name="SubmitOrder" finished-at="2023-09-14T14:42:24 CEST" duration-ms="9230" status="PASS">
          <reporter-output>
          </reporter-output>
        </test-method> <!-- SubmitOrder -->
        <test-method is-config="true" signature="tearDown()[pri:0, instance:seleniumresttests.SubmitOrderTest@1b955cac]" started-at="2023-09-14T14:42:24 CEST" name="tearDown" finished-at="2023-09-14T14:42:24 CEST" duration-ms="0" status="PASS">
          <reporter-output>
          </reporter-output>
        </test-method> <!-- tearDown -->
      </class> <!-- seleniumresttests.SubmitOrderTest -->
      <class name="seleniumresttests.SubmitOrderThreadsTest">
        <test-method is-config="true" signature="launchApplication()[pri:0, instance:seleniumresttests.SubmitOrderThreadsTest@24111ef1]" started-at="2023-09-14T14:42:24 CEST" name="launchApplication" finished-at="2023-09-14T14:42:28 CEST" duration-ms="3193" status="PASS">
          <reporter-output>
          </reporter-output>
        </test-method> <!-- launchApplication -->
        <test-method signature="SubmitOrder()[pri:0, instance:seleniumresttests.SubmitOrderThreadsTest@24111ef1]" started-at="2023-09-14T14:42:28 CEST" name="SubmitOrder" finished-at="2023-09-14T14:42:40 CEST" duration-ms="12768" status="PASS">
          <reporter-output>
          </reporter-output>
        </test-method> <!-- SubmitOrder -->
        <test-method is-config="true" signature="launchApplication()[pri:0, instance:seleniumresttests.SubmitOrderThreadsTest@24111ef1]" started-at="2023-09-14T14:42:40 CEST" name="launchApplication" finished-at="2023-09-14T14:42:43 CEST" duration-ms="2716" status="PASS">
          <reporter-output>
          </reporter-output>
        </test-method> <!-- launchApplication -->
        <test-method is-config="true" signature="tearDown()[pri:0, instance:seleniumresttests.SubmitOrderThreadsTest@24111ef1]" started-at="2023-09-14T14:42:40 CEST" name="tearDown" finished-at="2023-09-14T14:42:40 CEST" duration-ms="0" status="PASS">
          <reporter-output>
          </reporter-output>
        </test-method> <!-- tearDown -->
        <test-method signature="SubmitOrder()[pri:0, instance:seleniumresttests.SubmitOrderThreadsTest@24111ef1]" started-at="2023-09-14T14:42:43 CEST" name="SubmitOrder" finished-at="2023-09-14T14:42:56 CEST" duration-ms="12613" status="PASS">
          <reporter-output>
          </reporter-output>
        </test-method> <!-- SubmitOrder -->
        <test-method is-config="true" signature="launchApplication()[pri:0, instance:seleniumresttests.SubmitOrderThreadsTest@24111ef1]" started-at="2023-09-14T14:42:56 CEST" name="launchApplication" finished-at="2023-09-14T14:43:00 CEST" duration-ms="4269" status="PASS">
          <reporter-output>
          </reporter-output>
        </test-method> <!-- launchApplication -->
        <test-method is-config="true" signature="tearDown()[pri:0, instance:seleniumresttests.SubmitOrderThreadsTest@24111ef1]" started-at="2023-09-14T14:42:56 CEST" name="tearDown" finished-at="2023-09-14T14:42:56 CEST" duration-ms="0" status="PASS">
          <reporter-output>
          </reporter-output>
        </test-method> <!-- tearDown -->
        <test-method signature="SubmitOrder()[pri:0, instance:seleniumresttests.SubmitOrderThreadsTest@24111ef1]" started-at="2023-09-14T14:43:00 CEST" name="SubmitOrder" finished-at="2023-09-14T14:43:14 CEST" duration-ms="13721" status="PASS">
          <reporter-output>
          </reporter-output>
        </test-method> <!-- SubmitOrder -->
        <test-method is-config="true" signature="launchApplication()[pri:0, instance:seleniumresttests.SubmitOrderThreadsTest@24111ef1]" started-at="2023-09-14T14:43:14 CEST" name="launchApplication" finished-at="2023-09-14T14:43:17 CEST" duration-ms="3444" status="PASS">
          <reporter-output>
          </reporter-output>
        </test-method> <!-- launchApplication -->
        <test-method is-config="true" signature="tearDown()[pri:0, instance:seleniumresttests.SubmitOrderThreadsTest@24111ef1]" started-at="2023-09-14T14:43:14 CEST" name="tearDown" finished-at="2023-09-14T14:43:14 CEST" duration-ms="0" status="PASS">
          <reporter-output>
          </reporter-output>
        </test-method> <!-- tearDown -->
        <test-method signature="SubmitOrder()[pri:0, instance:seleniumresttests.SubmitOrderThreadsTest@24111ef1]" started-at="2023-09-14T14:43:17 CEST" name="SubmitOrder" finished-at="2023-09-14T14:43:29 CEST" duration-ms="12324" status="PASS">
          <reporter-output>
          </reporter-output>
        </test-method> <!-- SubmitOrder -->
        <test-method is-config="true" signature="tearDown()[pri:0, instance:seleniumresttests.SubmitOrderThreadsTest@24111ef1]" started-at="2023-09-14T14:43:29 CEST" name="tearDown" finished-at="2023-09-14T14:43:29 CEST" duration-ms="0" status="PASS">
          <reporter-output>
          </reporter-output>
        </test-method> <!-- tearDown -->
        <test-method is-config="true" signature="launchApplication()[pri:0, instance:seleniumresttests.SubmitOrderThreadsTest@24111ef1]" started-at="2023-09-14T14:43:29 CEST" name="launchApplication" finished-at="2023-09-14T14:43:33 CEST" duration-ms="3457" status="PASS">
          <reporter-output>
          </reporter-output>
        </test-method> <!-- launchApplication -->
        <test-method signature="SubmitOrder()[pri:0, instance:seleniumresttests.SubmitOrderThreadsTest@24111ef1]" started-at="2023-09-14T14:43:33 CEST" name="SubmitOrder" finished-at="2023-09-14T14:43:46 CEST" duration-ms="13351" status="PASS">
          <reporter-output>
          </reporter-output>
        </test-method> <!-- SubmitOrder -->
        <test-method is-config="true" signature="launchApplication()[pri:0, instance:seleniumresttests.SubmitOrderThreadsTest@24111ef1]" started-at="2023-09-14T14:43:46 CEST" name="launchApplication" finished-at="2023-09-14T14:43:50 CEST" duration-ms="3452" status="PASS">
          <reporter-output>
          </reporter-output>
        </test-method> <!-- launchApplication -->
        <test-method is-config="true" signature="tearDown()[pri:0, instance:seleniumresttests.SubmitOrderThreadsTest@24111ef1]" started-at="2023-09-14T14:43:46 CEST" name="tearDown" finished-at="2023-09-14T14:43:46 CEST" duration-ms="0" status="PASS">
          <reporter-output>
          </reporter-output>
        </test-method> <!-- tearDown -->
        <test-method signature="SubmitOrder()[pri:0, instance:seleniumresttests.SubmitOrderThreadsTest@24111ef1]" started-at="2023-09-14T14:43:50 CEST" name="SubmitOrder" finished-at="2023-09-14T14:44:02 CEST" duration-ms="12641" status="PASS">
          <reporter-output>
          </reporter-output>
        </test-method> <!-- SubmitOrder -->
        <test-method is-config="true" signature="launchApplication()[pri:0, instance:seleniumresttests.SubmitOrderThreadsTest@24111ef1]" started-at="2023-09-14T14:44:02 CEST" name="launchApplication" finished-at="2023-09-14T14:44:05 CEST" duration-ms="2894" status="PASS">
          <reporter-output>
          </reporter-output>
        </test-method> <!-- launchApplication -->
        <test-method is-config="true" signature="tearDown()[pri:0, instance:seleniumresttests.SubmitOrderThreadsTest@24111ef1]" started-at="2023-09-14T14:44:02 CEST" name="tearDown" finished-at="2023-09-14T14:44:02 CEST" duration-ms="0" status="PASS">
          <reporter-output>
          </reporter-output>
        </test-method> <!-- tearDown -->
        <test-method signature="SubmitOrder()[pri:0, instance:seleniumresttests.SubmitOrderThreadsTest@24111ef1]" started-at="2023-09-14T14:44:05 CEST" name="SubmitOrder" finished-at="2023-09-14T14:44:18 CEST" duration-ms="13155" status="PASS">
          <reporter-output>
          </reporter-output>
        </test-method> <!-- SubmitOrder -->
        <test-method is-config="true" signature="tearDown()[pri:0, instance:seleniumresttests.SubmitOrderThreadsTest@24111ef1]" started-at="2023-09-14T14:44:18 CEST" name="tearDown" finished-at="2023-09-14T14:44:18 CEST" duration-ms="0" status="PASS">
          <reporter-output>
          </reporter-output>
        </test-method> <!-- tearDown -->
        <test-method is-config="true" signature="launchApplication()[pri:0, instance:seleniumresttests.SubmitOrderThreadsTest@24111ef1]" started-at="2023-09-14T14:44:18 CEST" name="launchApplication" finished-at="2023-09-14T14:44:23 CEST" duration-ms="4179" status="PASS">
          <reporter-output>
          </reporter-output>
        </test-method> <!-- launchApplication -->
        <test-method signature="SubmitOrder()[pri:0, instance:seleniumresttests.SubmitOrderThreadsTest@24111ef1]" started-at="2023-09-14T14:44:23 CEST" name="SubmitOrder" finished-at="2023-09-14T14:44:36 CEST" duration-ms="13085" status="PASS">
          <reporter-output>
          </reporter-output>
        </test-method> <!-- SubmitOrder -->
        <test-method is-config="true" signature="tearDown()[pri:0, instance:seleniumresttests.SubmitOrderThreadsTest@24111ef1]" started-at="2023-09-14T14:44:36 CEST" name="tearDown" finished-at="2023-09-14T14:44:36 CEST" duration-ms="0" status="PASS">
          <reporter-output>
          </reporter-output>
        </test-method> <!-- tearDown -->
        <test-method is-config="true" signature="launchApplication()[pri:0, instance:seleniumresttests.SubmitOrderThreadsTest@24111ef1]" started-at="2023-09-14T14:44:36 CEST" name="launchApplication" finished-at="2023-09-14T14:44:39 CEST" duration-ms="2907" status="PASS">
          <reporter-output>
          </reporter-output>
        </test-method> <!-- launchApplication -->
        <test-method signature="SubmitOrder()[pri:0, instance:seleniumresttests.SubmitOrderThreadsTest@24111ef1]" started-at="2023-09-14T14:44:39 CEST" name="SubmitOrder" finished-at="2023-09-14T14:44:51 CEST" duration-ms="12656" status="PASS">
          <reporter-output>
          </reporter-output>
        </test-method> <!-- SubmitOrder -->
        <test-method is-config="true" signature="launchApplication()[pri:0, instance:seleniumresttests.SubmitOrderThreadsTest@24111ef1]" started-at="2023-09-14T14:44:51 CEST" name="launchApplication" finished-at="2023-09-14T14:44:54 CEST" duration-ms="3071" status="PASS">
          <reporter-output>
          </reporter-output>
        </test-method> <!-- launchApplication -->
        <test-method is-config="true" signature="tearDown()[pri:0, instance:seleniumresttests.SubmitOrderThreadsTest@24111ef1]" started-at="2023-09-14T14:44:51 CEST" name="tearDown" finished-at="2023-09-14T14:44:51 CEST" duration-ms="0" status="PASS">
          <reporter-output>
          </reporter-output>
        </test-method> <!-- tearDown -->
        <test-method signature="SubmitOrder()[pri:0, instance:seleniumresttests.SubmitOrderThreadsTest@24111ef1]" started-at="2023-09-14T14:44:54 CEST" name="SubmitOrder" finished-at="2023-09-14T14:45:07 CEST" duration-ms="12609" status="PASS">
          <reporter-output>
          </reporter-output>
        </test-method> <!-- SubmitOrder -->
        <test-method is-config="true" signature="tearDown()[pri:0, instance:seleniumresttests.SubmitOrderThreadsTest@24111ef1]" started-at="2023-09-14T14:45:07 CEST" name="tearDown" finished-at="2023-09-14T14:45:07 CEST" duration-ms="0" status="PASS">
          <reporter-output>
          </reporter-output>
        </test-method> <!-- tearDown -->
      </class> <!-- seleniumresttests.SubmitOrderThreadsTest -->
    </test> <!-- Submit order test -->
  </suite> <!-- Suite All tests -->
</testng-results>
